# JRE version: OpenJDK Runtime Environment (8.0_222-b10) (build 1.8.0_222-8u222-b10-1ubuntu1~18.04.1-b10)
# Java VM: OpenJDK 64-Bit Server VM (25.222-b10 mixed mode linux-amd64 compressed oops)
Heap:
 PSYoungGen      total 340480K, used 230193K [0x000000076cd80000, 0x0000000782880000, 0x00000007c0000000)
  eden space 326144K, 66% used [0x000000076cd80000,0x000000077a0adb10,0x0000000780c00000)
  from space 14336K, 97% used [0x0000000780c00000,0x000000078199e8f0,0x0000000781a00000)
  to   space 14336K, 0% used [0x0000000781a80000,0x0000000781a80000,0x0000000782880000)
 ParOldGen       total 546816K, used 191675K [0x00000006c6800000, 0x00000006e7e00000, 0x000000076cd80000)
  object space 546816K, 35% used [0x00000006c6800000,0x00000006d232eee8,0x00000006e7e00000)
 Metaspace       used 92218K, capacity 98095K, committed 98688K, reserved 1134592K
  class space    used 11199K, capacity 12587K, committed 12672K, reserved 1048576K
GC Heap History (10 events):
Event: 366424.945 GC heap before
{Heap before GC invocations=1566 (full 5):
 PSYoungGen      total 339456K, used 338993K [0x000000076cd80000, 0x0000000782700000, 0x00000007c0000000)
  eden space 325120K, 100% used [0x000000076cd80000,0x0000000780b00000,0x0000000780b00000)
  from space 14336K, 96% used [0x0000000781900000,0x000000078268c688,0x0000000782700000)
  to   space 14336K, 0% used [0x0000000780b00000,0x0000000780b00000,0x0000000781900000)
 ParOldGen       total 546816K, used 191211K [0x00000006c6800000, 0x00000006e7e00000, 0x000000076cd80000)
  object space 546816K, 34% used [0x00000006c6800000,0x00000006d22baee8,0x00000006e7e00000)
 Metaspace       used 92217K, capacity 98095K, committed 98688K, reserved 1134592K
  class space    used 11199K, capacity 12587K, committed 12672K, reserved 1048576K
Event: 366424.951 GC heap after
Heap after GC invocations=1566 (full 5):
 PSYoungGen      total 339456K, used 12906K [0x000000076cd80000, 0x0000000782780000, 0x00000007c0000000)
  eden space 325120K, 0% used [0x000000076cd80000,0x000000076cd80000,0x0000000780b00000)
  from space 14336K, 90% used [0x0000000780b00000,0x000000078179aa40,0x0000000781900000)
  to   space 14336K, 0% used [0x0000000781980000,0x0000000781980000,0x0000000782780000)
 ParOldGen       total 546816K, used 191291K [0x00000006c6800000, 0x00000006e7e00000, 0x000000076cd80000)
  object space 546816K, 34% used [0x00000006c6800000,0x00000006d22ceee8,0x00000006e7e00000)
 Metaspace       used 92217K, capacity 98095K, committed 98688K, reserved 1134592K
  class space    used 11199K, capacity 12587K, committed 12672K, reserved 1048576K
}
Event: 366694.155 GC heap before
{Heap before GC invocations=1567 (full 5):
 PSYoungGen      total 339456K, used 338026K [0x000000076cd80000, 0x0000000782780000, 0x00000007c0000000)
  eden space 325120K, 100% used [0x000000076cd80000,0x0000000780b00000,0x0000000780b00000)
  from space 14336K, 90% used [0x0000000780b00000,0x000000078179aa40,0x0000000781900000)
  to   space 14336K, 0% used [0x0000000781980000,0x0000000781980000,0x0000000782780000)
 ParOldGen       total 546816K, used 191291K [0x00000006c6800000, 0x00000006e7e00000, 0x000000076cd80000)
  object space 546816K, 34% used [0x00000006c6800000,0x00000006d22ceee8,0x00000006e7e00000)
 Metaspace       used 92217K, capacity 98095K, committed 98688K, reserved 1134592K
  class space    used 11199K, capacity 12587K, committed 12672K, reserved 1048576K
Event: 366694.169 GC heap after
Heap after GC invocations=1567 (full 5):
 PSYoungGen      total 339968K, used 12854K [0x000000076cd80000, 0x0000000782780000, 0x00000007c0000000)
  eden space 325632K, 0% used [0x000000076cd80000,0x000000076cd80000,0x0000000780b80000)
  from space 14336K, 89% used [0x0000000781980000,0x000000078260dbc8,0x0000000782780000)
  to   space 14336K, 0% used [0x0000000780b80000,0x0000000780b80000,0x0000000781980000)
 ParOldGen       total 546816K, used 191411K [0x00000006c6800000, 0x00000006e7e00000, 0x000000076cd80000)
  object space 546816K, 35% used [0x00000006c6800000,0x00000006d22ecee8,0x00000006e7e00000)
 Metaspace       used 92217K, capacity 98095K, committed 98688K, reserved 1134592K
  class space    used 11199K, capacity 12587K, committed 12672K, reserved 1048576K
}
Event: 366964.968 GC heap before
{Heap before GC invocations=1568 (full 5):
 PSYoungGen      total 339968K, used 338486K [0x000000076cd80000, 0x0000000782780000, 0x00000007c0000000)
  eden space 325632K, 100% used [0x000000076cd80000,0x0000000780b80000,0x0000000780b80000)
  from space 14336K, 89% used [0x0000000781980000,0x000000078260dbc8,0x0000000782780000)
  to   space 14336K, 0% used [0x0000000780b80000,0x0000000780b80000,0x0000000781980000)
 ParOldGen       total 546816K, used 191411K [0x00000006c6800000, 0x00000006e7e00000, 0x000000076cd80000)
  object space 546816K, 35% used [0x00000006c6800000,0x00000006d22ecee8,0x00000006e7e00000)
 Metaspace       used 92217K, capacity 98095K, committed 98688K, reserved 1134592K
  class space    used 11199K, capacity 12587K, committed 12672K, reserved 1048576K
Event: 366964.974 GC heap after
Heap after GC invocations=1568 (full 5):
 PSYoungGen      total 339968K, used 12992K [0x000000076cd80000, 0x0000000782800000, 0x00000007c0000000)
  eden space 325632K, 0% used [0x000000076cd80000,0x000000076cd80000,0x0000000780b80000)
  from space 14336K, 90% used [0x0000000780b80000,0x0000000781830300,0x0000000781980000)
  to   space 14336K, 0% used [0x0000000781a00000,0x0000000781a00000,0x0000000782800000)
 ParOldGen       total 546816K, used 191499K [0x00000006c6800000, 0x00000006e7e00000, 0x000000076cd80000)
  object space 546816K, 35% used [0x00000006c6800000,0x00000006d2302ee8,0x00000006e7e00000)
 Metaspace       used 92217K, capacity 98095K, committed 98688K, reserved 1134592K
  class space    used 11199K, capacity 12587K, committed 12672K, reserved 1048576K
}
Event: 367264.893 GC heap before
{Heap before GC invocations=1569 (full 5):
 PSYoungGen      total 339968K, used 338624K [0x000000076cd80000, 0x0000000782800000, 0x00000007c0000000)
  eden space 325632K, 100% used [0x000000076cd80000,0x0000000780b80000,0x0000000780b80000)
  from space 14336K, 90% used [0x0000000780b80000,0x0000000781830300,0x0000000781980000)
  to   space 14336K, 0% used [0x0000000781a00000,0x0000000781a00000,0x0000000782800000)
 ParOldGen       total 546816K, used 191499K [0x00000006c6800000, 0x00000006e7e00000, 0x000000076cd80000)
  object space 546816K, 35% used [0x00000006c6800000,0x00000006d2302ee8,0x00000006e7e00000)
 Metaspace       used 92218K, capacity 98095K, committed 98688K, reserved 1134592K
  class space    used 11199K, capacity 12587K, committed 12672K, reserved 1048576K
Event: 367264.908 GC heap after
Heap after GC invocations=1569 (full 5):
 PSYoungGen      total 340480K, used 12957K [0x000000076cd80000, 0x0000000782800000, 0x00000007c0000000)
  eden space 326144K, 0% used [0x000000076cd80000,0x000000076cd80000,0x0000000780c00000)
  from space 14336K, 90% used [0x0000000781a00000,0x00000007826a7478,0x0000000782800000)
  to   space 14336K, 0% used [0x0000000780c00000,0x0000000780c00000,0x0000000781a00000)
 ParOldGen       total 546816K, used 191595K [0x00000006c6800000, 0x00000006e7e00000, 0x000000076cd80000)
  object space 546816K, 35% used [0x00000006c6800000,0x00000006d231aee8,0x00000006e7e00000)
 Metaspace       used 92218K, capacity 98095K, committed 98688K, reserved 1134592K
  class space    used 11199K, capacity 12587K, committed 12672K, reserved 1048576K
}
Event: 367505.062 GC heap before
{Heap before GC invocations=1570 (full 5):
 PSYoungGen      total 340480K, used 339101K [0x000000076cd80000, 0x0000000782800000, 0x00000007c0000000)
  eden space 326144K, 100% used [0x000000076cd80000,0x0000000780c00000,0x0000000780c00000)
  from space 14336K, 90% used [0x0000000781a00000,0x00000007826a7478,0x0000000782800000)
  to   space 14336K, 0% used [0x0000000780c00000,0x0000000780c00000,0x0000000781a00000)
 ParOldGen       total 546816K, used 191595K [0x00000006c6800000, 0x00000006e7e00000, 0x000000076cd80000)
  object space 546816K, 35% used [0x00000006c6800000,0x00000006d231aee8,0x00000006e7e00000)
 Metaspace       used 92218K, capacity 98095K, committed 98688K, reserved 1134592K
  class space    used 11199K, capacity 12587K, committed 12672K, reserved 1048576K
Event: 367505.067 GC heap after
Heap after GC invocations=1570 (full 5):
 PSYoungGen      total 340480K, used 13946K [0x000000076cd80000, 0x0000000782880000, 0x00000007c0000000)
  eden space 326144K, 0% used [0x000000076cd80000,0x000000076cd80000,0x0000000780c00000)
  from space 14336K, 97% used [0x0000000780c00000,0x000000078199e8f0,0x0000000781a00000)
  to   space 14336K, 0% used [0x0000000781a80000,0x0000000781a80000,0x0000000782880000)
 ParOldGen       total 546816K, used 191675K [0x00000006c6800000, 0x00000006e7e00000, 0x000000076cd80000)
  object space 546816K, 35% used [0x00000006c6800000,0x00000006d232eee8,0x00000006e7e00000)
 Metaspace       used 92218K, capacity 98095K, committed 98688K, reserved 1134592K
  class space    used 11199K, capacity 12587K, committed 12672K, reserved 1048576K
}

